<?xml version="1.0" encoding="UTF-8"?>
<!-- Generated by org.testng.reporters.JUnitReportReporter -->
<testsuite hostname="DESKTOP-N103UG2" failures="0" tests="1" name="AllTestCases.VerifyTransportation" time="21.418" errors="0" timestamp="2020-12-05T04:51:08 CST" skipped="0">
  <testcase classname="AllTestCases.VerifyTransportation" name="verifydisablestudent" time="21.418"/>
  <system-out/>
</testsuite> <!-- AllTestCases.VerifyTransportation -->
