<?xml version="1.0" encoding="UTF-8"?>
<!-- Generated by org.testng.reporters.JUnitReportReporter -->
<testsuite hostname="Aakash-PC" failures="0" tests="1" name="AllTestCases.veryfyFeesReport" time="30.968" errors="0" timestamp="2020-09-29T21:37:17 CDT" skipped="0">
  <testcase classname="AllTestCases.veryfyFeesReport" name="verifypaymentReport" time="30.968"/>
  <system-out/>
</testsuite> <!-- AllTestCases.veryfyFeesReport -->
