<?xml version="1.0" encoding="UTF-8"?>
<!-- Generated by org.testng.reporters.JUnitReportReporter -->
<testsuite hostname="DESKTOP-N103UG2" failures="0" tests="1" name="AllTestCases.VerifyDemandLetter" time="21.837" errors="0" timestamp="2020-12-05T02:00:34 CST" skipped="0">
  <testcase classname="AllTestCases.VerifyDemandLetter" name="verifyDemandLetter" time="21.837"/>
  <system-out/>
</testsuite> <!-- AllTestCases.VerifyDemandLetter -->
