<?xml version="1.0" encoding="UTF-8"?>
<!-- Generated by org.testng.reporters.JUnitReportReporter -->
<testsuite hostname="Aakash-PC" failures="0" tests="2" name="Newfees.Feesbatch" time="20.441" errors="0" timestamp="2020-09-18T16:20:38 CDT" skipped="0">
  <testcase classname="Newfees.Feesbatch" name="loadbatchsetuppage" time="13.217"/>
  <system-out/>
  <testcase classname="Newfees.Feesbatch" name="enterstartdateandenddate" time="7.224"/>
  <system-out/>
</testsuite> <!-- Newfees.Feesbatch -->
