<?xml version="1.0" encoding="UTF-8"?>
<!-- Generated by org.testng.reporters.JUnitReportReporter -->
<testsuite hostname="DESKTOP-N103UG2" failures="0" tests="2" name="AllTestCases.AddFeeCycleLabels" time="20.079" errors="0" timestamp="2020-12-05T01:01:49 CST" skipped="0">
  <testcase classname="AllTestCases.AddFeeCycleLabels" name="veriAddfyFeeCycleLabel" time="13.498"/>
  <system-out/>
  <testcase classname="AllTestCases.AddFeeCycleLabels" name="verifyEditFeeCycleLabel" time="6.581"/>
  <system-out/>
</testsuite> <!-- AllTestCases.AddFeeCycleLabels -->
