<?xml version="1.0" encoding="UTF-8"?>
<!-- Generated by org.testng.reporters.JUnitReportReporter -->
<testsuite hostname="DESKTOP-N103UG2" failures="0" tests="1" name="AllTestCases.VerifyWalletReports" time="27.178" errors="0" timestamp="2020-12-05T05:52:06 CST" skipped="0">
  <testcase classname="AllTestCases.VerifyWalletReports" name="verifyWalletDepositSummaryReport" time="27.178"/>
  <system-out/>
</testsuite> <!-- AllTestCases.VerifyWalletReports -->
