<?xml version="1.0" encoding="UTF-8"?>
<!-- Generated by org.testng.reporters.JUnitReportReporter -->
<testsuite hostname="DESKTOP-N103UG2" failures="0" tests="2" name="AllTestCases.AddNewFeeCategory" time="37.313" errors="0" timestamp="2020-12-05T01:09:10 CST" skipped="0">
  <testcase classname="AllTestCases.AddNewFeeCategory" name="verifyAddFeecategory" time="22.582"/>
  <system-out/>
  <testcase classname="AllTestCases.AddNewFeeCategory" name="verifyEditFeeCategory" time="14.731"/>
  <system-out/>
</testsuite> <!-- AllTestCases.AddNewFeeCategory -->
