<?xml version="1.0" encoding="UTF-8"?>
<!-- Generated by org.testng.reporters.JUnitReportReporter -->
<testsuite hostname="Aakash-PC" failures="0" tests="1" name="AllTestCases.VerifyFeesReport" time="26.300" errors="0" timestamp="2020-10-12T14:16:02 CDT" skipped="0">
  <testcase classname="AllTestCases.VerifyFeesReport" name="verifypaymentReport" time="26.300"/>
  <system-out/>
</testsuite> <!-- AllTestCases.VerifyFeesReport -->
