<?xml version="1.0" encoding="UTF-8"?>
<!-- Generated by org.testng.reporters.JUnitReportReporter -->
<testsuite hostname="Aakash-PC" failures="0" tests="2" name="Newfees.LoginTestScript" time="4.643" errors="0" timestamp="2020-09-17T23:56:47 CDT" skipped="0">
  <testcase classname="Newfees.LoginTestScript" name="testFeesManagement" time="4.638"/>
  <system-out/>
  <testcase classname="Newfees.LoginTestScript" name="Batchsetup" time="0.005"/>
  <system-out/>
</testsuite> <!-- Newfees.LoginTestScript -->
