<?xml version="1.0" encoding="UTF-8"?>
<!-- Generated by org.testng.reporters.JUnitReportReporter -->
<testsuite hostname="Aakash-PC" failures="0" tests="1" name="TestUtil" time="5.553" errors="0" timestamp="2020-09-18T21:21:17 CDT" skipped="0">
  <testcase classname="TestUtil" name="login" time="5.553"/>
  <system-out/>
</testsuite> <!-- TestUtil -->
