<?xml version="1.0" encoding="UTF-8"?>
<!-- Generated by org.testng.reporters.JUnitReportReporter -->
<testsuite hostname="DESKTOP-N103UG2" failures="0" tests="4" name="AllTestCases.FeePaymentHistoryTest" time="84.164" errors="0" timestamp="2020-12-05T01:15:24 CST" skipped="0">
  <testcase classname="AllTestCases.FeePaymentHistoryTest" name="verifyViewRecieptPage" time="21.438"/>
  <system-out/>
  <testcase classname="AllTestCases.FeePaymentHistoryTest" name="verifyRecieptEdit" time="18.726"/>
  <system-out/>
  <testcase classname="AllTestCases.FeePaymentHistoryTest" name="verifyRecieptDelete" time="25.340"/>
  <system-out/>
  <testcase classname="AllTestCases.FeePaymentHistoryTest" name="verifyReceiptCancel" time="18.660"/>
  <system-out/>
</testsuite> <!-- AllTestCases.FeePaymentHistoryTest -->
