<?xml version="1.0" encoding="UTF-8"?>
<!-- Generated by org.testng.reporters.JUnitReportReporter -->
<testsuite hostname="Aakash-PC" failures="0" tests="1" name="Newfees.FeesPayment" time="59.059" errors="0" timestamp="2020-09-18T19:37:38 CDT" skipped="0">
  <testcase classname="Newfees.FeesPayment" name="payment" time="59.059"/>
  <system-out/>
</testsuite> <!-- Newfees.FeesPayment -->
