<?xml version="1.0" encoding="UTF-8"?>
<!-- Generated by org.testng.reporters.JUnitReportReporter -->
<testsuite hostname="Aakash-PC" failures="0" tests="1" name="AllTestCases.AddNewBatch" time="69.029" errors="0" timestamp="2020-10-07T00:28:50 CDT" skipped="0">
  <testcase classname="AllTestCases.AddNewBatch" name="verifynewBach" time="69.029"/>
  <system-out/>
</testsuite> <!-- AllTestCases.AddNewBatch -->
