<?xml version="1.0" encoding="UTF-8"?>
<!-- Generated by org.testng.reporters.JUnitReportReporter -->
<testsuite hostname="Aakash-PC" failures="0" tests="2" name="Newfees.FeesManagement" time="0.007" errors="0" timestamp="2020-09-17T21:24:21 CDT" skipped="0">
  <testcase classname="Newfees.FeesManagement" name="testFeesManagement" time="0.005"/>
  <system-out/>
  <testcase classname="Newfees.FeesManagement" name="testFeesManagementOther" time="0.002"/>
  <system-out/>
</testsuite> <!-- Newfees.FeesManagement -->
