<?xml version="1.0" encoding="UTF-8"?>
<!-- Generated by org.testng.reporters.JUnitReportReporter -->
<testsuite hostname="DESKTOP-N103UG2" failures="0" tests="3" name="AllTestCases.VerifyStudentFeeSturcture" time="57.138" errors="0" timestamp="2020-12-05T02:43:34 CST" skipped="0">
  <testcase classname="AllTestCases.VerifyStudentFeeSturcture" name="verifyAddNewFeeCycle" time="23.267"/>
  <system-out/>
  <testcase classname="AllTestCases.VerifyStudentFeeSturcture" name="VerifyBulkDiscountFeenameWise" time="16.612"/>
  <system-out/>
  <testcase classname="AllTestCases.VerifyStudentFeeSturcture" name="VerifyBulkDiscountCategorywise" time="17.259"/>
  <system-out/>
</testsuite> <!-- AllTestCases.VerifyStudentFeeSturcture -->
